2024-09-24 15:06:58 [main] INFO  com.Boyd.testCases.SalesOrderCreation:64 - Setting up the test environment
2024-09-24 15:07:10 [main] INFO  com.Boyd.testCases.SalesOrderCreation:52 - entered into Url =  https://elme-dev1.fa.us8.oraclecloud.com
2024-09-24 15:07:11 [main] INFO  com.Boyd.pom.LoginPage:32 - Initializing logger for POM: LoginPage, Log File: null
2024-09-24 15:07:19 [main] INFO  com.Boyd.testCases.SalesOrderCreation:57 - Signined in
2024-09-24 15:07:24 [main] INFO  com.Boyd.pom.NavigationsPom:32 - Initializing logger for POM: NavigationsPom, Log File: null
2024-09-24 15:07:30 [main] INFO  com.Boyd.pom.SalesOrderCreationPOM:32 - Initializing logger for POM: SalesOrderCreationPOM, Log File: null
2024-09-24 16:43:19 [main] INFO  com.Boyd.testCases.SalesOrderCreation:64 - Setting up the test environment
2024-09-24 16:43:29 [main] INFO  com.Boyd.testCases.SalesOrderCreation:52 - entered into Url =  https://elme-dev1.fa.us8.oraclecloud.com
2024-09-24 16:43:29 [main] INFO  com.Boyd.pom.LoginPage:32 - Initializing logger for POM: LoginPage, Log File: null
2024-09-24 16:43:37 [main] INFO  com.Boyd.testCases.SalesOrderCreation:57 - Signined in
2024-09-24 16:43:40 [main] INFO  com.Boyd.pom.NavigationsPom:32 - Initializing logger for POM: NavigationsPom, Log File: null
2024-09-24 16:43:43 [main] INFO  com.Boyd.pom.SalesOrderCreationPOM:32 - Initializing logger for POM: SalesOrderCreationPOM, Log File: null
2024-09-24 17:06:29 [main] INFO  com.Boyd.testCases.SchedulingSalesOrder:64 - Setting up the test environment
2024-09-24 17:06:36 [main] INFO  com.Boyd.testCases.SchedulingSalesOrder:52 - entered into Url =  https://elme-dev1.fa.us8.oraclecloud.com
2024-09-24 17:06:36 [main] INFO  com.Boyd.pom.LoginPage:32 - Initializing logger for POM: LoginPage, Log File: null
2024-09-24 17:06:45 [main] INFO  com.Boyd.testCases.SchedulingSalesOrder:57 - Signined in
2024-09-24 17:06:49 [main] INFO  com.Boyd.pom.NavigationsPom:32 - Initializing logger for POM: NavigationsPom, Log File: null
2024-09-24 17:06:53 [main] INFO  com.Boyd.pom.SchedulingSalesOrderPOM:32 - Initializing logger for POM: SchedulingSalesOrderPOM, Log File: null
2024-09-24 17:06:54 [main] INFO  com.Boyd.pom.SchedulingSalesOrderPOM:174 - Entering scheduling data for sales order at row number: 1
2024-09-24 17:07:12 [main] INFO  com.Boyd.pom.SchedulingSalesOrderPOM:180 - Entering order number: 66121
2024-09-24 17:07:13 [main] INFO  com.Boyd.pom.SchedulingSalesOrderPOM:184 - Entering fulfillment line number: 1-1
2024-09-24 17:10:00 [main] INFO  com.Boyd.testCases.SchedulingSalesOrder:64 - Setting up the test environment
2024-09-24 17:10:08 [main] INFO  com.Boyd.testCases.SchedulingSalesOrder:52 - entered into Url =  https://elme-dev1.fa.us8.oraclecloud.com
2024-09-24 17:10:08 [main] INFO  com.Boyd.pom.LoginPage:32 - Initializing logger for POM: LoginPage, Log File: null
2024-09-24 17:10:08 [main] INFO  com.Boyd.testCases.SchedulingSalesOrder:57 - Signined in
2024-09-24 17:10:20 [main] INFO  com.Boyd.pom.NavigationsPom:32 - Initializing logger for POM: NavigationsPom, Log File: null
2024-09-24 17:10:24 [main] INFO  com.Boyd.pom.SchedulingSalesOrderPOM:32 - Initializing logger for POM: SchedulingSalesOrderPOM, Log File: null
2024-09-24 17:10:25 [main] INFO  com.Boyd.pom.SchedulingSalesOrderPOM:174 - Entering scheduling data for sales order at row number: 1
2024-09-24 17:10:41 [main] INFO  com.Boyd.pom.SchedulingSalesOrderPOM:180 - Entering order number: 66121
2024-09-24 17:10:41 [main] INFO  com.Boyd.pom.SchedulingSalesOrderPOM:184 - Entering fulfillment line number: 1-1
2024-09-24 17:11:03 [main] INFO  com.Boyd.pom.SchedulingSalesOrderPOM:200 - Test passed for row: 1
