2024-09-20 19:34:59 [main] INFO  com.Boyd.testCases.SchedulingSalesOrder:64 - Setting up the test environment
2024-09-20 19:35:10 [main] INFO  com.Boyd.testCases.SchedulingSalesOrder:52 - entered into Url =  https://elme-dev1.fa.us8.oraclecloud.com
2024-09-20 19:35:10 [main] INFO  com.Boyd.pom.LoginPage:32 - Initializing logger for POM: LoginPage, Log File: null
2024-09-20 19:35:16 [main] INFO  com.Boyd.testCases.SchedulingSalesOrder:57 - Signined in
2024-09-20 19:35:20 [main] INFO  com.Boyd.pom.NavigationsPom:32 - Initializing logger for POM: NavigationsPom, Log File: null
2024-09-20 19:35:23 [main] INFO  com.Boyd.pom.SchedulingSalesOrderPOM:32 - Initializing logger for POM: SchedulingSalesOrderPOM, Log File: null
2024-09-20 19:35:24 [main] INFO  com.Boyd.pom.SchedulingSalesOrderPOM:174 - Entering scheduling data for sales order at row number: 1
2024-09-20 19:35:46 [main] INFO  com.Boyd.pom.SchedulingSalesOrderPOM:180 - Entering order number: 49262
2024-09-20 19:35:46 [main] INFO  com.Boyd.pom.SchedulingSalesOrderPOM:184 - Entering fulfillment line number: 1-1
2024-09-20 19:37:47 [main] ERROR com.Boyd.pom.SchedulingSalesOrderPOM:224 - No data found for row: 1
org.openqa.selenium.TimeoutException: Expected condition failed: waiting for com.Boyd.utils.WaitMethods$1@1a01d7f0 (tried for 30 second(s) with 500 milliseconds interval)
Build info: version: '4.24.0', revision: '748ffc9bc3'
System info: os.name: 'Windows 10', os.arch: 'amd64', os.version: '10.0', java.version: '17.0.10'
Driver info: org.openqa.selenium.chrome.ChromeDriver
Capabilities {acceptInsecureCerts: false, browserName: chrome, browserVersion: 129.0.6668.58, chrome: {chromedriverVersion: 129.0.6668.58 (81a06fb873a9..., userDataDir: C:\Users\UMESHC~1.GOU\AppDa...}, fedcm:accounts: true, goog:chromeOptions: {debuggerAddress: localhost:65123}, networkConnectionEnabled: false, pageLoadStrategy: normal, platformName: windows, proxy: Proxy(), se:cdp: ws://localhost:65123/devtoo..., se:cdpVersion: 129.0.6668.58, setWindowRect: true, strictFileInteractability: false, timeouts: {implicit: 0, pageLoad: 300000, script: 30000}, unhandledPromptBehavior: dismiss and notify, webauthn:extension:credBlob: true, webauthn:extension:largeBlob: true, webauthn:extension:minPinLength: true, webauthn:extension:prf: true, webauthn:virtualAuthenticators: true}
Session ID: b39621b631806f6d993465a1ff46e488
	at org.openqa.selenium.support.ui.WebDriverWait.timeoutException(WebDriverWait.java:84) ~[selenium-support-4.24.0.jar:?]
	at org.openqa.selenium.support.ui.FluentWait.until(FluentWait.java:228) ~[selenium-support-4.24.0.jar:?]
	at com.Boyd.utils.WaitMethods.waitUntilElementClickable(WaitMethods.java:25) ~[classes/:?]
	at com.Boyd.pom.SchedulingSalesOrderPOM.clickOnOk2(SchedulingSalesOrderPOM.java:160) ~[classes/:?]
	at com.Boyd.pom.SchedulingSalesOrderPOM.enterSchedulingSalesorderData(SchedulingSalesOrderPOM.java:214) ~[classes/:?]
	at com.Boyd.testCases.SchedulingSalesOrder.schedulingSalesOrder(SchedulingSalesOrder.java:21) ~[test-classes/:?]
	at java.base/jdk.internal.reflect.NativeMethodAccessorImpl.invoke0(Native Method) ~[?:?]
	at java.base/jdk.internal.reflect.NativeMethodAccessorImpl.invoke(NativeMethodAccessorImpl.java:77) ~[?:?]
	at java.base/jdk.internal.reflect.DelegatingMethodAccessorImpl.invoke(DelegatingMethodAccessorImpl.java:43) ~[?:?]
	at java.base/java.lang.reflect.Method.invoke(Method.java:568) ~[?:?]
	at org.testng.internal.MethodInvocationHelper.invokeMethod(MethodInvocationHelper.java:133) ~[org.testng_7.4.0.r202105021533.jar:7.4.0]
	at org.testng.internal.TestInvoker.invokeMethod(TestInvoker.java:598) ~[org.testng_7.4.0.r202105021533.jar:7.4.0]
	at org.testng.internal.TestInvoker.invokeTestMethod(TestInvoker.java:173) ~[org.testng_7.4.0.r202105021533.jar:7.4.0]
	at org.testng.internal.MethodRunner.runInSequence(MethodRunner.java:46) ~[org.testng_7.4.0.r202105021533.jar:7.4.0]
	at org.testng.internal.TestInvoker$MethodInvocationAgent.invoke(TestInvoker.java:824) ~[org.testng_7.4.0.r202105021533.jar:7.4.0]
	at org.testng.internal.TestInvoker.invokeTestMethods(TestInvoker.java:146) ~[org.testng_7.4.0.r202105021533.jar:7.4.0]
	at org.testng.internal.TestMethodWorker.invokeTestMethods(TestMethodWorker.java:146) ~[org.testng_7.4.0.r202105021533.jar:7.4.0]
	at org.testng.internal.TestMethodWorker.run(TestMethodWorker.java:128) ~[org.testng_7.4.0.r202105021533.jar:7.4.0]
	at java.base/java.util.ArrayList.forEach(ArrayList.java:1511) [?:?]
	at org.testng.TestRunner.privateRun(TestRunner.java:794) [org.testng_7.4.0.r202105021533.jar:7.4.0]
	at org.testng.TestRunner.run(TestRunner.java:596) [org.testng_7.4.0.r202105021533.jar:7.4.0]
	at org.testng.SuiteRunner.runTest(SuiteRunner.java:377) [org.testng_7.4.0.r202105021533.jar:7.4.0]
	at org.testng.SuiteRunner.runSequentially(SuiteRunner.java:371) [org.testng_7.4.0.r202105021533.jar:7.4.0]
	at org.testng.SuiteRunner.privateRun(SuiteRunner.java:332) [org.testng_7.4.0.r202105021533.jar:7.4.0]
	at org.testng.SuiteRunner.run(SuiteRunner.java:276) [org.testng_7.4.0.r202105021533.jar:7.4.0]
	at org.testng.SuiteRunnerWorker.runSuite(SuiteRunnerWorker.java:53) [org.testng_7.4.0.r202105021533.jar:7.4.0]
	at org.testng.SuiteRunnerWorker.run(SuiteRunnerWorker.java:96) [org.testng_7.4.0.r202105021533.jar:7.4.0]
	at org.testng.TestNG.runSuitesSequentially(TestNG.java:1212) [org.testng_7.4.0.r202105021533.jar:7.4.0]
	at org.testng.TestNG.runSuitesLocally(TestNG.java:1134) [org.testng_7.4.0.r202105021533.jar:7.4.0]
	at org.testng.TestNG.runSuites(TestNG.java:1063) [org.testng_7.4.0.r202105021533.jar:7.4.0]
	at org.testng.TestNG.run(TestNG.java:1031) [org.testng_7.4.0.r202105021533.jar:7.4.0]
	at org.testng.remote.AbstractRemoteTestNG.run(AbstractRemoteTestNG.java:115) [testng-remote.jar:?]
	at org.testng.remote.RemoteTestNG.initAndRun(RemoteTestNG.java:251) [testng-remote.jar:?]
	at org.testng.remote.RemoteTestNG.main(RemoteTestNG.java:77) [testng-remote.jar:?]
